1666184439989	geckodriver	INFO	Listening on 127.0.0.1:50179
1666184440985	mozrunner::runner	INFO	Running command: "/Applications/Firefox.app/Contents/MacOS/firefox-bin" "--marionette" "-foreground" "-no-remote" "-profile" "/var/folders/d5/w1mxjb793yvbdvgjxl_6rwdh0000gn/T/rust_mozprofileWrqzXf"
_RegisterApplication(), FAILED TO establish the default connection to the WindowServer, _CGSDefaultConnection() is NULL.
1666184443228	Marionette	INFO	Marionette enabled
1666184443280	Marionette	INFO	Listening on port 50195
Read port: 50195
1666184443715	RemoteAgent	WARN	TLS certificate errors will be ignored for this session
_RegisterApplication(), FAILED TO establish the default connection to the WindowServer, _CGSDefaultConnection() is NULL.
_RegisterApplication(), FAILED TO establish the default connection to the WindowServer, _CGSDefaultConnection() is NULL.
console.warn: SearchSettings: "get: No settings file exists, new profile?" (new NotFoundError("Could not open the file at /var/folders/d5/w1mxjb793yvbdvgjxl_6rwdh0000gn/T/rust_mozprofileWrqzXf/search.json.mozlz4", (void 0)))
_RegisterApplication(), FAILED TO establish the default connection to the WindowServer, _CGSDefaultConnection() is NULL.
_RegisterApplication(), FAILED TO establish the default connection to the WindowServer, _CGSDefaultConnection() is NULL.
JavaScript warning: https://www.redditstatic.com/accountmanager/login.5c306e082cc650ef7561.js, line 1: unreachable code after return statement
_RegisterApplication(), FAILED TO establish the default connection to the WindowServer, _CGSDefaultConnection() is NULL.
_RegisterApplication(), FAILED TO establish the default connection to the WindowServer, _CGSDefaultConnection() is NULL.
_RegisterApplication(), FAILED TO establish the default connection to the WindowServer, _CGSDefaultConnection() is NULL.
console.warn: LoginRecipes: "Falling back to a synchronous message for: https://www.reddit.com."
console.warn: LoginRecipes: "Falling back to a synchronous message for: https://www.reddit.com."
JavaScript warning: https://www.redditstatic.com/accountmanager/ssoOneTap.a4521d10ebc48a7c4dc9.js, line 1: unreachable code after return statement
_RegisterApplication(), FAILED TO establish the default connection to the WindowServer, _CGSDefaultConnection() is NULL.
_RegisterApplication(), FAILED TO establish the default connection to the WindowServer, _CGSDefaultConnection() is NULL.
1666184465994	Marionette	INFO	Stopped listening on port 50195
[Parent 32900, IPC I/O Parent] WARNING: pipe error: Socket is not connected: file /builds/worker/checkouts/gecko/ipc/chromium/src/chrome/common/ipc_channel_posix.cc:705
_RegisterApplication(), FAILED TO establish the default connection to the WindowServer, _CGSDefaultConnection() is NULL.
